#
# There is insufficient memory for the Java Runtime Environment to continue.
# Native memory allocation (mmap) failed to map 201326592 bytes for G1 virtual space
# Possible reasons:
#   The system is out of physical RAM or swap space
#   The process is running with CompressedOops enabled, and the Java Heap may be blocking the growth of the native heap
# Possible solutions:
#   Reduce memory load on the system
#   Increase physical memory or swap space
#   Check if swap backing store is full
#   Decrease Java heap size (-Xmx/-Xms)
#   Decrease number of Java threads
#   Decrease Java thread stack sizes (-Xss)
#   Set larger code cache with -XX:ReservedCodeCacheSize=
#   JVM is running with Zero Based Compressed Oops mode in which the Java heap is
#     placed in the first 32GB address space. The Java Heap base address is the
#     maximum limit for the native heap growth. Please use -XX:HeapBaseMinAddress
#     to set the Java Heap base and to place the Java Heap above 32GB virtual address.
# This output file may be truncated or incomplete.
#
#  Out of Memory Error (os_windows.cpp:3760), pid=18100, tid=18672
#
# JRE version:  (17.0.5+1) (build )
# Java VM: OpenJDK 64-Bit Server VM (17.0.5+1-b653.25, mixed mode, sharing, tiered, compressed oops, compressed class ptrs, g1 gc, windows-amd64)
# No core dump will be written. Minidumps are not enabled by default on client versions of Windows
#

---------------  S U M M A R Y ------------

Command Line: git4idea.http.GitAskPassApp Username for 'https://github.com': 

Host: Intel(R) Core(TM) i5-7300HQ CPU @ 2.50GHz, 4 cores, 11G,  Windows 10 , 64 bit Build 18362 (10.0.18362.329)
Time: Mon Jul 10 17:24:10 2023 中国标准时间 elapsed time: 0.008380 seconds (0d 0h 0m 0s)

---------------  T H R E A D  ---------------

Current thread (0x0000020eebe905d0):  JavaThread "Unknown thread" [_thread_in_vm, id=18672, stack(0x000000ac2ba00000,0x000000ac2bb00000)]

Stack: [0x000000ac2ba00000,0x000000ac2bb00000]
Native frames: (J=compiled Java code, j=interpreted, Vv=VM code, C=native code)
V  [jvm.dll+0x6830ca]
V  [jvm.dll+0x83f4c4]
V  [jvm.dll+0x840c6e]
V  [jvm.dll+0x8412d3]
V  [jvm.dll+0x2490b5]
V  [jvm.dll+0x67ff99]
V  [jvm.dll+0x6744aa]
V  [jvm.dll+0x308f2b]
V  [jvm.dll+0x3103e6]
V  [jvm.dll+0x36013e]
V  [jvm.dll+0x36036f]
V  [jvm.dll+0x2df018]
V  [jvm.dll+0x2dff84]
V  [jvm.dll+0x810d91]
V  [jvm.dll+0x36df31]
V  [jvm.dll+0x7f028c]
V  [jvm.dll+0x3f0cbf]
V  [jvm.dll+0x3f2801]
C  [jli.dll+0x526b]
C  [ucrtbase.dll+0x20e72]
C  [KERNEL32.DLL+0x17bd4]
C  [ntdll.dll+0x6ced1]


---------------  P R O C E S S  ---------------

Threads class SMR info:
_java_thread_list=0x00007ff806fc8f98, length=0, elements={
}

Java Threads: ( => current thread )

Other Threads:
  0x0000020eebee9610 GCTaskThread "GC Thread#0" [stack: 0x000000ac2bb00000,0x000000ac2bc00000] [id=18628]
  0x0000020eebef72b0 ConcurrentGCThread "G1 Main Marker" [stack: 0x000000ac2bc00000,0x000000ac2bd00000] [id=18856]
  0x0000020eebef7bd0 ConcurrentGCThread "G1 Conc#0" [stack: 0x000000ac2bd00000,0x000000ac2be00000] [id=13764]

[error occurred during error reporting (printing all threads), id 0xc0000005, EXCEPTION_ACCESS_VIOLATION (0xc0000005) at pc=0x00007ff80677fbd7]

VM state: not at safepoint (not fully initialized)

VM Mutex/Monitor currently owned by a thread:  ([mutex/lock_event])
[0x0000020eebe8be30] Heap_lock - owner thread: 0x0000020eebe905d0

Heap address: 0x0000000741c00000, size: 3044 MB, Compressed Oops mode: Zero based, Oop shift amount: 3

CDS archive(s) mapped at: [0x0000000000000000-0x0000000000000000-0x0000000000000000), size 0, SharedBaseAddress: 0x0000000800000000, ArchiveRelocationMode: 0.
Narrow klass base: 0x0000000000000000, Narrow klass shift: 0, Narrow klass range: 0x0

GC Precious Log:
<Empty>

Heap:
 garbage-first heap   total 0K, used 0K [0x0000000741c00000, 0x0000000800000000)
  region size 2048K, 0 young (0K), 0 survivors (0K)

[error occurred during error reporting (printing heap information), id 0xc0000005, EXCEPTION_ACCESS_VIOLATION (0xc0000005) at pc=0x00007ff806b6cd59]

GC Heap History (0 events):
No events

Dll operation events (1 events):
Event: 0.004 Loaded shared library E:\pycharme\PyCharm Community Edition 2021.3\jbr\bin\java.dll

Deoptimization events (0 events):
No events

Classes unloaded (0 events):
No events

Classes redefined (0 events):
No events

Internal exceptions (0 events):
No events

VM Operations (0 events):
No events

Events (0 events):
No events


Dynamic libraries:
0x00007ff606510000 - 0x00007ff60651a000 	E:\pycharme\PyCharm Community Edition 2021.3\jbr\bin\java.exe
0x00007ff8790c0000 - 0x00007ff8792b0000 	C:\windows\SYSTEM32\ntdll.dll
0x00007ff877960000 - 0x00007ff877a12000 	C:\windows\System32\KERNEL32.DLL
0x00007ff876d20000 - 0x00007ff876fc3000 	C:\windows\System32\KERNELBASE.dll
0x00007ff876c20000 - 0x00007ff876d1a000 	C:\windows\System32\ucrtbase.dll
0x00007ff86b9e0000 - 0x00007ff86b9f7000 	E:\pycharme\PyCharm Community Edition 2021.3\jbr\bin\jli.dll
0x00007ff878520000 - 0x00007ff8786b4000 	C:\windows\System32\USER32.dll
0x00007ff876900000 - 0x00007ff876921000 	C:\windows\System32\win32u.dll
0x00007ff877c30000 - 0x00007ff877c56000 	C:\windows\System32\GDI32.dll
0x00007ff876fd0000 - 0x00007ff877164000 	C:\windows\System32\gdi32full.dll
0x00007ff876ad0000 - 0x00007ff876b6e000 	C:\windows\System32\msvcp_win.dll
0x00007ff861480000 - 0x00007ff86149b000 	E:\pycharme\PyCharm Community Edition 2021.3\jbr\bin\VCRUNTIME140.dll
0x00007ff868bf0000 - 0x00007ff868e75000 	C:\windows\WinSxS\amd64_microsoft.windows.common-controls_6595b64144ccf1df_6.0.18362.449_none_e6c7b265130c70a7\COMCTL32.dll
0x00007ff878cf0000 - 0x00007ff878d8e000 	C:\windows\System32\msvcrt.dll
0x00007ff877600000 - 0x00007ff877936000 	C:\windows\System32\combase.dll
0x00007ff877230000 - 0x00007ff877350000 	C:\windows\System32\RPCRT4.dll
0x00007ff876880000 - 0x00007ff876900000 	C:\windows\System32\bcryptPrimitives.dll
0x00007ff877400000 - 0x00007ff87742e000 	C:\windows\System32\IMM32.DLL
0x00007ff86b8c0000 - 0x00007ff86b8cc000 	E:\pycharme\PyCharm Community Edition 2021.3\jbr\bin\vcruntime140_1.dll
0x00007ff848f10000 - 0x00007ff848f9d000 	E:\pycharme\PyCharm Community Edition 2021.3\jbr\bin\msvcp140.dll
0x00007ff806490000 - 0x00007ff8070fb000 	E:\pycharme\PyCharm Community Edition 2021.3\jbr\bin\server\jvm.dll
0x00007ff877d00000 - 0x00007ff877da3000 	C:\windows\System32\ADVAPI32.dll
0x00007ff877c60000 - 0x00007ff877cf7000 	C:\windows\System32\sechost.dll
0x00007ff871700000 - 0x00007ff871724000 	C:\windows\SYSTEM32\WINMM.dll
0x00007ff8611b0000 - 0x00007ff8611b9000 	C:\windows\SYSTEM32\WSOCK32.dll
0x00007ff870f20000 - 0x00007ff870f2a000 	C:\windows\SYSTEM32\VERSION.dll
0x00007ff878d90000 - 0x00007ff878dff000 	C:\windows\System32\WS2_32.dll
0x00007ff871360000 - 0x00007ff87138d000 	C:\windows\SYSTEM32\winmmbase.dll
0x00007ff876b70000 - 0x00007ff876bba000 	C:\windows\System32\cfgmgr32.dll
0x00007ff875fa0000 - 0x00007ff875fb1000 	C:\windows\System32\kernel.appcore.dll
0x00007ff871ba0000 - 0x00007ff871baa000 	E:\pycharme\PyCharm Community Edition 2021.3\jbr\bin\jimage.dll
0x00007ff874700000 - 0x00007ff8748f4000 	C:\windows\SYSTEM32\DBGHELP.DLL
0x00007ff842680000 - 0x00007ff8426aa000 	C:\windows\SYSTEM32\dbgcore.DLL
0x00007ff86f6e0000 - 0x00007ff86f705000 	E:\pycharme\PyCharm Community Edition 2021.3\jbr\bin\java.dll

dbghelp: loaded successfully - version: 4.0.5 - missing functions: none
symbol engine: initialized successfully - sym options: 0x614 - pdb path: .;E:\pycharme\PyCharm Community Edition 2021.3\jbr\bin;C:\windows\SYSTEM32;C:\windows\WinSxS\amd64_microsoft.windows.common-controls_6595b64144ccf1df_6.0.18362.449_none_e6c7b265130c70a7;E:\pycharme\PyCharm Community Edition 2021.3\jbr\bin\server

VM Arguments:
java_command: git4idea.http.GitAskPassApp Username for 'https://github.com': 
java_class_path (initial): E:/pycharme/PyCharm Community Edition 2021.3/plugins/vcs-git/lib/git4idea-rt.jar;E:/pycharme/PyCharm Community Edition 2021.3/lib/externalProcess-rt.jar;E:/pycharme/PyCharm Community Edition 2021.3/lib/app.jar;E:/pycharme/PyCharm Community Edition 2021.3/lib/3rd-party-rt.jar
Launcher Type: SUN_STANDARD

[Global flags]
     intx CICompilerCount                          = 3                                         {product} {ergonomic}
     uint ConcGCThreads                            = 1                                         {product} {ergonomic}
     uint G1ConcRefinementThreads                  = 4                                         {product} {ergonomic}
   size_t G1HeapRegionSize                         = 2097152                                   {product} {ergonomic}
    uintx GCDrainStackTargetSize                   = 64                                        {product} {ergonomic}
   size_t InitialHeapSize                          = 201326592                                 {product} {ergonomic}
   size_t MarkStackSize                            = 4194304                                   {product} {ergonomic}
   size_t MaxHeapSize                              = 3191865344                                {product} {ergonomic}
   size_t MinHeapDeltaBytes                        = 2097152                                   {product} {ergonomic}
   size_t MinHeapSize                              = 8388608                                   {product} {ergonomic}
    uintx NonNMethodCodeHeapSize                   = 5832780                                {pd product} {ergonomic}
    uintx NonProfiledCodeHeapSize                  = 122912730                              {pd product} {ergonomic}
    uintx ProfiledCodeHeapSize                     = 122912730                              {pd product} {ergonomic}
    uintx ReservedCodeCacheSize                    = 251658240                              {pd product} {ergonomic}
     bool SegmentedCodeCache                       = true                                      {product} {ergonomic}
   size_t SoftMaxHeapSize                          = 3191865344                             {manageable} {ergonomic}
     bool UseCompressedClassPointers               = true                           {product lp64_product} {ergonomic}
     bool UseCompressedOops                        = true                           {product lp64_product} {ergonomic}
     bool UseG1GC                                  = true                                      {product} {ergonomic}
     bool UseLargePagesIndividualAllocation        = false                                  {pd product} {ergonomic}

Logging:
Log output configuration:
 #0: stdout all=warning uptime,level,tags
 #1: stderr all=off uptime,level,tags

Environment Variables:
JAVA_HOME=C:\Program Files\Java\jdk1.8.0_261
CLASSPATH=';C:\Program Files\Java\jdk1.8.0_261\lib;%JAVA_HOME\lib\tools.jar
PATH=C:\Program Files\Git\mingw64\libexec\git-core;C:\Program Files\Git\mingw64\libexec\git-core;C:\Program Files\Git\mingw64\bin;C:\Program Files\Git\usr\bin;C:\Users\Administrator\bin;C:\Program Files (x86)\Common Files\NetSarang;C:\Program Files (x86)\Common Files\Oracle\Java\javapath;%ANDROID_HOME%\tools;%ANDROID_HOME%\platform-tools;C:\windows\system32;C:\windows;C:\windows\System32\Wbem;C:\windows\System32\WindowsPowerShell\v1.0;C:\windows\System32\OpenSSH;C:\Program Files\NVIDIA Corporation\NVIDIA NvDLISR;C:\Program Files (x86)\NVIDIA Corporation\PhysX\Common;C:\Program Files\Git\cmd;C:\Program Files\TortoiseGit\bin;C:\Program Files\Java\jdk1.8.0_261\bin;C:\Program Files\Java\jdk1.8.0_261\jre\bin;C:\Program Files\Java\jdk1.8.0_161\bin;C:\Program Files\Microsoft VS Code\bin;C:\Program Files (x86)\OpenVPN\bin;E:\python;E:\python\Scripts;E:\allure\allure-2.17.3\bin;D:\New Folder;D:\微信web开发者工具\dll;%WebStorm%;C:\Users\Administrator\AppData\Roaming\npm;C:\Program Files (x86)\Google\Chrome\Application;E:\fiddler
USERNAME=Administrator
DISPLAY=:0.0
LC_ALL=en_US.UTF-8
TERM=cygwin
TMPDIR=C:\Users\ADMINI~1\AppData\Local\Temp
OS=Windows_NT
PROCESSOR_IDENTIFIER=Intel64 Family 6 Model 158 Stepping 9, GenuineIntel
TMP=C:\Users\ADMINI~1\AppData\Local\Temp
TEMP=C:\Users\ADMINI~1\AppData\Local\Temp



---------------  S Y S T E M  ---------------

OS:
 Windows 10 , 64 bit Build 18362 (10.0.18362.329)
OS uptime: 0 days 8:41 hours

CPU: total 4 (initial active 4) (4 cores per cpu, 1 threads per core) family 6 model 158 stepping 9 microcode 0x8e, cx8, cmov, fxsr, mmx, 3dnowpref, sse, sse2, sse3, ssse3, sse4.1, sse4.2, popcnt, lzcnt, tsc, tscinvbit, avx, avx2, aes, erms, clmul, bmi1, bmi2, adx, fma, vzeroupper, clflush, clflushopt

Memory: 4k page, system-wide physical 12173M (2682M free)
TotalPageFile size 14016M (AvailPageFile size 155M)
current process WorkingSet (physical memory assigned to process): 10M, peak: 10M
current process commit charge ("private bytes"): 51M, peak: 243M

vm_info: OpenJDK 64-Bit Server VM (17.0.5+1-b653.25) for windows-amd64 JRE (17.0.5+1-b653.25), built on 2023-01-04 by "builduser" with MS VC++ 16.10 / 16.11 (VS2019)

END.
