#
# There is insufficient memory for the Java Runtime Environment to continue.
# Native memory allocation (mmap) failed to map 65536 bytes for Failed to commit metaspace.
# Possible reasons:
#   The system is out of physical RAM or swap space
#   The process is running with CompressedOops enabled, and the Java Heap may be blocking the growth of the native heap
# Possible solutions:
#   Reduce memory load on the system
#   Increase physical memory or swap space
#   Check if swap backing store is full
#   Decrease Java heap size (-Xmx/-Xms)
#   Decrease number of Java threads
#   Decrease Java thread stack sizes (-Xss)
#   Set larger code cache with -XX:ReservedCodeCacheSize=
#   JVM is running with Zero Based Compressed Oops mode in which the Java heap is
#     placed in the first 32GB address space. The Java Heap base address is the
#     maximum limit for the native heap growth. Please use -XX:HeapBaseMinAddress
#     to set the Java Heap base and to place the Java Heap above 32GB virtual address.
# This output file may be truncated or incomplete.
#
#  Out of Memory Error (virtualSpaceNode.cpp:110), pid=7456, tid=16988
#
# JRE version: OpenJDK Runtime Environment JBR-17.0.5+1-653.25-jcef (17.0.5+1) (build 17.0.5+1-b653.25)
# Java VM: OpenJDK 64-Bit Server VM JBR-17.0.5+1-653.25-jcef (17.0.5+1-b653.25, mixed mode, tiered, compressed oops, compressed class ptrs, g1 gc, windows-amd64)
# No core dump will be written. Minidumps are not enabled by default on client versions of Windows
#

---------------  S U M M A R Y ------------

Command Line: git4idea.http.GitAskPassApp Username for 'https://github.com': 

Host: Intel(R) Core(TM) i5-7300HQ CPU @ 2.50GHz, 4 cores, 11G,  Windows 10 , 64 bit Build 18362 (10.0.18362.329)
Time: Mon Jul 10 17:23:17 2023 中国标准时间 elapsed time: 0.159198 seconds (0d 0h 0m 0s)

---------------  T H R E A D  ---------------

Current thread (0x000001d79d5d2fc0):  JavaThread "main" [_thread_in_vm, id=16988, stack(0x000000926d500000,0x000000926d600000)]

Stack: [0x000000926d500000,0x000000926d600000]
Native frames: (J=compiled Java code, j=interpreted, Vv=VM code, C=native code)
V  [jvm.dll+0x6830ca]
V  [jvm.dll+0x83f4c4]
V  [jvm.dll+0x840c6e]
V  [jvm.dll+0x8412d3]
V  [jvm.dll+0x2490b5]
V  [jvm.dll+0x83b51b]
V  [jvm.dll+0x627496]
V  [jvm.dll+0x6274fa]
V  [jvm.dll+0x629d0a]
V  [jvm.dll+0x627e36]
V  [jvm.dll+0x23e476]
V  [jvm.dll+0x1ed99d]
V  [jvm.dll+0x1e335c]
V  [jvm.dll+0x5476bd]
V  [jvm.dll+0x1f3c7b]
V  [jvm.dll+0x7b949b]
V  [jvm.dll+0x7ba8e2]
V  [jvm.dll+0x7bac18]
V  [jvm.dll+0x240e4e]
V  [jvm.dll+0x24109f]
V  [jvm.dll+0x5654d8]
V  [jvm.dll+0x568417]
V  [jvm.dll+0x387c44]
V  [jvm.dll+0x3872af]
C  0x000001d7a251a622

Java frames: (J=compiled Java code, j=interpreted, Vv=VM code)
j  java.lang.System.getenv(Ljava/lang/String;)Ljava/lang/String;+40 java.base@17.0.5
j  externalApp.ExternalAppUtil.getEnv(Ljava/lang/String;)Ljava/lang/String;+9
j  git4idea.http.GitAskPassApp.main([Ljava/lang/String;)V+18
v  ~StubRoutines::call_stub

---------------  P R O C E S S  ---------------

Threads class SMR info:
_java_thread_list=0x000001d7bbdc8490, length=12, elements={
0x000001d79d5d2fc0, 0x000001d7bb2ca070, 0x000001d7bb2cadf0, 0x000001d7bbc6f010,
0x000001d7bbc728f0, 0x000001d7bbc731b0, 0x000001d7bbc73a70, 0x000001d7bbc76340,
0x000001d7bbc92910, 0x000001d7bbcb7220, 0x000001d7bbde5f90, 0x000001d7bbdeae90
}

Java Threads: ( => current thread )
=>0x000001d79d5d2fc0 JavaThread "main" [_thread_in_vm, id=16988, stack(0x000000926d500000,0x000000926d600000)]
  0x000001d7bb2ca070 JavaThread "Reference Handler" daemon [_thread_blocked, id=13376, stack(0x000000926dc00000,0x000000926dd00000)]
  0x000001d7bb2cadf0 JavaThread "Finalizer" daemon [_thread_blocked, id=13404, stack(0x000000926dd00000,0x000000926de00000)]
  0x000001d7bbc6f010 JavaThread "Signal Dispatcher" daemon [_thread_blocked, id=14488, stack(0x000000926de00000,0x000000926df00000)]
  0x000001d7bbc728f0 JavaThread "Attach Listener" daemon [_thread_blocked, id=17456, stack(0x000000926df00000,0x000000926e000000)]
  0x000001d7bbc731b0 JavaThread "Service Thread" daemon [_thread_blocked, id=1096, stack(0x000000926e000000,0x000000926e100000)]
  0x000001d7bbc73a70 JavaThread "Monitor Deflation Thread" daemon [_thread_blocked, id=1184, stack(0x000000926e100000,0x000000926e200000)]
  0x000001d7bbc76340 JavaThread "C2 CompilerThread0" daemon [_thread_in_native, id=6668, stack(0x000000926e200000,0x000000926e300000)]
  0x000001d7bbc92910 JavaThread "C1 CompilerThread0" daemon [_thread_blocked, id=18484, stack(0x000000926e300000,0x000000926e400000)]
  0x000001d7bbcb7220 JavaThread "Sweeper thread" daemon [_thread_blocked, id=14532, stack(0x000000926e400000,0x000000926e500000)]
  0x000001d7bbde5f90 JavaThread "Notification Thread" daemon [_thread_blocked, id=12600, stack(0x000000926e500000,0x000000926e600000)]
  0x000001d7bbdeae90 JavaThread "Common-Cleaner" daemon [_thread_blocked, id=18344, stack(0x000000926e700000,0x000000926e800000)]

Other Threads:
  0x000001d7bb2c4020 VMThread "VM Thread" [stack: 0x000000926db00000,0x000000926dc00000] [id=14212]
  0x000001d79d641370 WatcherThread [stack: 0x000000926e600000,0x000000926e700000] [id=18128]
  0x000001d79d62c2f0 GCTaskThread "GC Thread#0" [stack: 0x000000926d600000,0x000000926d700000] [id=15292]
  0x000001d79d639f90 ConcurrentGCThread "G1 Main Marker" [stack: 0x000000926d700000,0x000000926d800000] [id=8792]
  0x000001d79d63b050 ConcurrentGCThread "G1 Conc#0" [stack: 0x000000926d800000,0x000000926d900000] [id=14424]
  0x000001d79d678e60 ConcurrentGCThread "G1 Refine#0" [stack: 0x000000926d900000,0x000000926da00000] [id=12724]
  0x000001d79d679790 ConcurrentGCThread "G1 Service" [stack: 0x000000926da00000,0x000000926db00000] [id=17792]

Threads with active compile tasks:
C2 CompilerThread0      179  115 %     4       java.util.zip.ZipFile$Source::initCEN @ 240 (591 bytes)

VM state: not at safepoint (normal execution)

VM Mutex/Monitor currently owned by a thread:  ([mutex/lock_event])
[0x000001d79d45d810] Metaspace_lock - owner thread: 0x000001d79d5d2fc0

Heap address: 0x0000000741c00000, size: 3044 MB, Compressed Oops mode: Zero based, Oop shift amount: 3

CDS archive(s) not mapped
Compressed class space mapped at: 0x0000000800000000-0x0000000840000000, reserved size: 1073741824
Narrow klass base: 0x0000000800000000, Narrow klass shift: 0, Narrow klass range: 0x40000000

GC Precious Log:
 CPUs: 4 total, 4 available
 Memory: 12173M
 Large Page Support: Disabled
 NUMA Support: Disabled
 Compressed Oops: Enabled (Zero based)
 Heap Region Size: 2M
 Heap Min Capacity: 8M
 Heap Initial Capacity: 192M
 Heap Max Capacity: 3044M
 Pre-touch: Disabled
 Parallel Workers: 4
 Concurrent Workers: 1
 Concurrent Refinement Workers: 4
 Periodic GC: Disabled

Heap:
 garbage-first heap   total 196608K, used 14336K [0x0000000741c00000, 0x0000000800000000)
  region size 2048K, 1 young (2048K), 0 survivors (0K)
 Metaspace       used 4909K, committed 5056K, reserved 1056768K
  class space    used 421K, committed 512K, reserved 1048576K

Heap Regions: E=young(eden), S=young(survivor), O=old, HS=humongous(starts), HC=humongous(continues), CS=collection set, F=free, OA=open archive, CA=closed archive, TAMS=top-at-mark-start (previous, next)
|   0|0x0000000741c00000, 0x0000000741e00000, 0x0000000741e00000|100%|HS|  |TAMS 0x0000000741c00000, 0x0000000741c00000| Complete 
|   1|0x0000000741e00000, 0x0000000742000000, 0x0000000742000000|100%|HC|  |TAMS 0x0000000741e00000, 0x0000000741e00000| Complete 
|   2|0x0000000742000000, 0x0000000742200000, 0x0000000742200000|100%|HC|  |TAMS 0x0000000742000000, 0x0000000742000000| Complete 
|   3|0x0000000742200000, 0x0000000742400000, 0x0000000742400000|100%|HC|  |TAMS 0x0000000742200000, 0x0000000742200000| Complete 
|   4|0x0000000742400000, 0x0000000742600000, 0x0000000742600000|100%|HC|  |TAMS 0x0000000742400000, 0x0000000742400000| Complete 
|   5|0x0000000742600000, 0x0000000742800000, 0x0000000742800000|100%|HC|  |TAMS 0x0000000742600000, 0x0000000742600000| Complete 
|   6|0x0000000742800000, 0x0000000742a00000, 0x0000000742a00000|100%|HS|  |TAMS 0x0000000742800000, 0x0000000742800000| Complete 
|   7|0x0000000742a00000, 0x0000000742a00000, 0x0000000742c00000|  0%| F|  |TAMS 0x0000000742a00000, 0x0000000742a00000| Untracked 
|   8|0x0000000742c00000, 0x0000000742c00000, 0x0000000742e00000|  0%| F|  |TAMS 0x0000000742c00000, 0x0000000742c00000| Untracked 
|   9|0x0000000742e00000, 0x0000000742e00000, 0x0000000743000000|  0%| F|  |TAMS 0x0000000742e00000, 0x0000000742e00000| Untracked 
|  10|0x0000000743000000, 0x0000000743000000, 0x0000000743200000|  0%| F|  |TAMS 0x0000000743000000, 0x0000000743000000| Untracked 
|  11|0x0000000743200000, 0x0000000743200000, 0x0000000743400000|  0%| F|  |TAMS 0x0000000743200000, 0x0000000743200000| Untracked 
|  12|0x0000000743400000, 0x0000000743400000, 0x0000000743600000|  0%| F|  |TAMS 0x0000000743400000, 0x0000000743400000| Untracked 
|  13|0x0000000743600000, 0x0000000743600000, 0x0000000743800000|  0%| F|  |TAMS 0x0000000743600000, 0x0000000743600000| Untracked 
|  14|0x0000000743800000, 0x0000000743800000, 0x0000000743a00000|  0%| F|  |TAMS 0x0000000743800000, 0x0000000743800000| Untracked 
|  15|0x0000000743a00000, 0x0000000743a00000, 0x0000000743c00000|  0%| F|  |TAMS 0x0000000743a00000, 0x0000000743a00000| Untracked 
|  16|0x0000000743c00000, 0x0000000743c00000, 0x0000000743e00000|  0%| F|  |TAMS 0x0000000743c00000, 0x0000000743c00000| Untracked 
|  17|0x0000000743e00000, 0x0000000743e00000, 0x0000000744000000|  0%| F|  |TAMS 0x0000000743e00000, 0x0000000743e00000| Untracked 
|  18|0x0000000744000000, 0x0000000744000000, 0x0000000744200000|  0%| F|  |TAMS 0x0000000744000000, 0x0000000744000000| Untracked 
|  19|0x0000000744200000, 0x0000000744200000, 0x0000000744400000|  0%| F|  |TAMS 0x0000000744200000, 0x0000000744200000| Untracked 
|  20|0x0000000744400000, 0x0000000744400000, 0x0000000744600000|  0%| F|  |TAMS 0x0000000744400000, 0x0000000744400000| Untracked 
|  21|0x0000000744600000, 0x0000000744600000, 0x0000000744800000|  0%| F|  |TAMS 0x0000000744600000, 0x0000000744600000| Untracked 
|  22|0x0000000744800000, 0x0000000744800000, 0x0000000744a00000|  0%| F|  |TAMS 0x0000000744800000, 0x0000000744800000| Untracked 
|  23|0x0000000744a00000, 0x0000000744a00000, 0x0000000744c00000|  0%| F|  |TAMS 0x0000000744a00000, 0x0000000744a00000| Untracked 
|  24|0x0000000744c00000, 0x0000000744c00000, 0x0000000744e00000|  0%| F|  |TAMS 0x0000000744c00000, 0x0000000744c00000| Untracked 
|  25|0x0000000744e00000, 0x0000000744e00000, 0x0000000745000000|  0%| F|  |TAMS 0x0000000744e00000, 0x0000000744e00000| Untracked 
|  26|0x0000000745000000, 0x0000000745000000, 0x0000000745200000|  0%| F|  |TAMS 0x0000000745000000, 0x0000000745000000| Untracked 
|  27|0x0000000745200000, 0x0000000745200000, 0x0000000745400000|  0%| F|  |TAMS 0x0000000745200000, 0x0000000745200000| Untracked 
|  28|0x0000000745400000, 0x0000000745400000, 0x0000000745600000|  0%| F|  |TAMS 0x0000000745400000, 0x0000000745400000| Untracked 
|  29|0x0000000745600000, 0x0000000745600000, 0x0000000745800000|  0%| F|  |TAMS 0x0000000745600000, 0x0000000745600000| Untracked 
|  30|0x0000000745800000, 0x0000000745800000, 0x0000000745a00000|  0%| F|  |TAMS 0x0000000745800000, 0x0000000745800000| Untracked 
|  31|0x0000000745a00000, 0x0000000745a00000, 0x0000000745c00000|  0%| F|  |TAMS 0x0000000745a00000, 0x0000000745a00000| Untracked 
|  32|0x0000000745c00000, 0x0000000745c00000, 0x0000000745e00000|  0%| F|  |TAMS 0x0000000745c00000, 0x0000000745c00000| Untracked 
|  33|0x0000000745e00000, 0x0000000745e00000, 0x0000000746000000|  0%| F|  |TAMS 0x0000000745e00000, 0x0000000745e00000| Untracked 
|  34|0x0000000746000000, 0x0000000746000000, 0x0000000746200000|  0%| F|  |TAMS 0x0000000746000000, 0x0000000746000000| Untracked 
|  35|0x0000000746200000, 0x0000000746200000, 0x0000000746400000|  0%| F|  |TAMS 0x0000000746200000, 0x0000000746200000| Untracked 
|  36|0x0000000746400000, 0x0000000746400000, 0x0000000746600000|  0%| F|  |TAMS 0x0000000746400000, 0x0000000746400000| Untracked 
|  37|0x0000000746600000, 0x0000000746600000, 0x0000000746800000|  0%| F|  |TAMS 0x0000000746600000, 0x0000000746600000| Untracked 
|  38|0x0000000746800000, 0x0000000746800000, 0x0000000746a00000|  0%| F|  |TAMS 0x0000000746800000, 0x0000000746800000| Untracked 
|  39|0x0000000746a00000, 0x0000000746a00000, 0x0000000746c00000|  0%| F|  |TAMS 0x0000000746a00000, 0x0000000746a00000| Untracked 
|  40|0x0000000746c00000, 0x0000000746c00000, 0x0000000746e00000|  0%| F|  |TAMS 0x0000000746c00000, 0x0000000746c00000| Untracked 
|  41|0x0000000746e00000, 0x0000000746e00000, 0x0000000747000000|  0%| F|  |TAMS 0x0000000746e00000, 0x0000000746e00000| Untracked 
|  42|0x0000000747000000, 0x0000000747000000, 0x0000000747200000|  0%| F|  |TAMS 0x0000000747000000, 0x0000000747000000| Untracked 
|  43|0x0000000747200000, 0x0000000747200000, 0x0000000747400000|  0%| F|  |TAMS 0x0000000747200000, 0x0000000747200000| Untracked 
|  44|0x0000000747400000, 0x0000000747400000, 0x0000000747600000|  0%| F|  |TAMS 0x0000000747400000, 0x0000000747400000| Untracked 
|  45|0x0000000747600000, 0x0000000747600000, 0x0000000747800000|  0%| F|  |TAMS 0x0000000747600000, 0x0000000747600000| Untracked 
|  46|0x0000000747800000, 0x0000000747800000, 0x0000000747a00000|  0%| F|  |TAMS 0x0000000747800000, 0x0000000747800000| Untracked 
|  47|0x0000000747a00000, 0x0000000747a00000, 0x0000000747c00000|  0%| F|  |TAMS 0x0000000747a00000, 0x0000000747a00000| Untracked 
|  48|0x0000000747c00000, 0x0000000747c00000, 0x0000000747e00000|  0%| F|  |TAMS 0x0000000747c00000, 0x0000000747c00000| Untracked 
|  49|0x0000000747e00000, 0x0000000747e00000, 0x0000000748000000|  0%| F|  |TAMS 0x0000000747e00000, 0x0000000747e00000| Untracked 
|  50|0x0000000748000000, 0x0000000748000000, 0x0000000748200000|  0%| F|  |TAMS 0x0000000748000000, 0x0000000748000000| Untracked 
|  51|0x0000000748200000, 0x0000000748200000, 0x0000000748400000|  0%| F|  |TAMS 0x0000000748200000, 0x0000000748200000| Untracked 
|  52|0x0000000748400000, 0x0000000748400000, 0x0000000748600000|  0%| F|  |TAMS 0x0000000748400000, 0x0000000748400000| Untracked 
|  53|0x0000000748600000, 0x0000000748600000, 0x0000000748800000|  0%| F|  |TAMS 0x0000000748600000, 0x0000000748600000| Untracked 
|  54|0x0000000748800000, 0x0000000748800000, 0x0000000748a00000|  0%| F|  |TAMS 0x0000000748800000, 0x0000000748800000| Untracked 
|  55|0x0000000748a00000, 0x0000000748a00000, 0x0000000748c00000|  0%| F|  |TAMS 0x0000000748a00000, 0x0000000748a00000| Untracked 
|  56|0x0000000748c00000, 0x0000000748c00000, 0x0000000748e00000|  0%| F|  |TAMS 0x0000000748c00000, 0x0000000748c00000| Untracked 
|  57|0x0000000748e00000, 0x0000000748e00000, 0x0000000749000000|  0%| F|  |TAMS 0x0000000748e00000, 0x0000000748e00000| Untracked 
|  58|0x0000000749000000, 0x0000000749000000, 0x0000000749200000|  0%| F|  |TAMS 0x0000000749000000, 0x0000000749000000| Untracked 
|  59|0x0000000749200000, 0x0000000749200000, 0x0000000749400000|  0%| F|  |TAMS 0x0000000749200000, 0x0000000749200000| Untracked 
|  60|0x0000000749400000, 0x0000000749400000, 0x0000000749600000|  0%| F|  |TAMS 0x0000000749400000, 0x0000000749400000| Untracked 
|  61|0x0000000749600000, 0x0000000749600000, 0x0000000749800000|  0%| F|  |TAMS 0x0000000749600000, 0x0000000749600000| Untracked 
|  62|0x0000000749800000, 0x0000000749800000, 0x0000000749a00000|  0%| F|  |TAMS 0x0000000749800000, 0x0000000749800000| Untracked 
|  63|0x0000000749a00000, 0x0000000749a00000, 0x0000000749c00000|  0%| F|  |TAMS 0x0000000749a00000, 0x0000000749a00000| Untracked 
|  64|0x0000000749c00000, 0x0000000749c00000, 0x0000000749e00000|  0%| F|  |TAMS 0x0000000749c00000, 0x0000000749c00000| Untracked 
|  65|0x0000000749e00000, 0x0000000749e00000, 0x000000074a000000|  0%| F|  |TAMS 0x0000000749e00000, 0x0000000749e00000| Untracked 
|  66|0x000000074a000000, 0x000000074a000000, 0x000000074a200000|  0%| F|  |TAMS 0x000000074a000000, 0x000000074a000000| Untracked 
|  67|0x000000074a200000, 0x000000074a200000, 0x000000074a400000|  0%| F|  |TAMS 0x000000074a200000, 0x000000074a200000| Untracked 
|  68|0x000000074a400000, 0x000000074a400000, 0x000000074a600000|  0%| F|  |TAMS 0x000000074a400000, 0x000000074a400000| Untracked 
|  69|0x000000074a600000, 0x000000074a600000, 0x000000074a800000|  0%| F|  |TAMS 0x000000074a600000, 0x000000074a600000| Untracked 
|  70|0x000000074a800000, 0x000000074a800000, 0x000000074aa00000|  0%| F|  |TAMS 0x000000074a800000, 0x000000074a800000| Untracked 
|  71|0x000000074aa00000, 0x000000074aa00000, 0x000000074ac00000|  0%| F|  |TAMS 0x000000074aa00000, 0x000000074aa00000| Untracked 
|  72|0x000000074ac00000, 0x000000074ac00000, 0x000000074ae00000|  0%| F|  |TAMS 0x000000074ac00000, 0x000000074ac00000| Untracked 
|  73|0x000000074ae00000, 0x000000074ae00000, 0x000000074b000000|  0%| F|  |TAMS 0x000000074ae00000, 0x000000074ae00000| Untracked 
|  74|0x000000074b000000, 0x000000074b000000, 0x000000074b200000|  0%| F|  |TAMS 0x000000074b000000, 0x000000074b000000| Untracked 
|  75|0x000000074b200000, 0x000000074b200000, 0x000000074b400000|  0%| F|  |TAMS 0x000000074b200000, 0x000000074b200000| Untracked 
|  76|0x000000074b400000, 0x000000074b400000, 0x000000074b600000|  0%| F|  |TAMS 0x000000074b400000, 0x000000074b400000| Untracked 
|  77|0x000000074b600000, 0x000000074b600000, 0x000000074b800000|  0%| F|  |TAMS 0x000000074b600000, 0x000000074b600000| Untracked 
|  78|0x000000074b800000, 0x000000074b800000, 0x000000074ba00000|  0%| F|  |TAMS 0x000000074b800000, 0x000000074b800000| Untracked 
|  79|0x000000074ba00000, 0x000000074ba00000, 0x000000074bc00000|  0%| F|  |TAMS 0x000000074ba00000, 0x000000074ba00000| Untracked 
|  80|0x000000074bc00000, 0x000000074bc00000, 0x000000074be00000|  0%| F|  |TAMS 0x000000074bc00000, 0x000000074bc00000| Untracked 
|  81|0x000000074be00000, 0x000000074be00000, 0x000000074c000000|  0%| F|  |TAMS 0x000000074be00000, 0x000000074be00000| Untracked 
|  82|0x000000074c000000, 0x000000074c000000, 0x000000074c200000|  0%| F|  |TAMS 0x000000074c000000, 0x000000074c000000| Untracked 
|  83|0x000000074c200000, 0x000000074c200000, 0x000000074c400000|  0%| F|  |TAMS 0x000000074c200000, 0x000000074c200000| Untracked 
|  84|0x000000074c400000, 0x000000074c400000, 0x000000074c600000|  0%| F|  |TAMS 0x000000074c400000, 0x000000074c400000| Untracked 
|  85|0x000000074c600000, 0x000000074c600000, 0x000000074c800000|  0%| F|  |TAMS 0x000000074c600000, 0x000000074c600000| Untracked 
|  86|0x000000074c800000, 0x000000074c800000, 0x000000074ca00000|  0%| F|  |TAMS 0x000000074c800000, 0x000000074c800000| Untracked 
|  87|0x000000074ca00000, 0x000000074ca00000, 0x000000074cc00000|  0%| F|  |TAMS 0x000000074ca00000, 0x000000074ca00000| Untracked 
|  88|0x000000074cc00000, 0x000000074cc00000, 0x000000074ce00000|  0%| F|  |TAMS 0x000000074cc00000, 0x000000074cc00000| Untracked 
|  89|0x000000074ce00000, 0x000000074ce00000, 0x000000074d000000|  0%| F|  |TAMS 0x000000074ce00000, 0x000000074ce00000| Untracked 
|  90|0x000000074d000000, 0x000000074d000000, 0x000000074d200000|  0%| F|  |TAMS 0x000000074d000000, 0x000000074d000000| Untracked 
|  91|0x000000074d200000, 0x000000074d200000, 0x000000074d400000|  0%| F|  |TAMS 0x000000074d200000, 0x000000074d200000| Untracked 
|  92|0x000000074d400000, 0x000000074d400000, 0x000000074d600000|  0%| F|  |TAMS 0x000000074d400000, 0x000000074d400000| Untracked 
|  93|0x000000074d600000, 0x000000074d600000, 0x000000074d800000|  0%| F|  |TAMS 0x000000074d600000, 0x000000074d600000| Untracked 
|  94|0x000000074d800000, 0x000000074d800000, 0x000000074da00000|  0%| F|  |TAMS 0x000000074d800000, 0x000000074d800000| Untracked 
|  95|0x000000074da00000, 0x000000074dbb12c0, 0x000000074dc00000| 84%| E|  |TAMS 0x000000074da00000, 0x000000074da00000| Complete 

Card table byte_map: [0x000001d7b2130000,0x000001d7b2730000] _byte_map_base: 0x000001d7ae722000

Marking Bits (Prev, Next): (CMBitMap*) 0x000001d79d62d820, (CMBitMap*) 0x000001d79d62d860
 Prev Bits: [0x000001d7b2d30000, 0x000001d7b5cc0000)
 Next Bits: [0x000001d7b5cc0000, 0x000001d7b8c50000)

Polling page: 0x000001d79d690000

Metaspace:

Usage:
  Non-class:      4.38 MB used.
      Class:    421.92 KB used.
       Both:      4.79 MB used.

Virtual space:
  Non-class space:        8.00 MB reserved,       4.44 MB ( 55%) committed,  1 nodes.
      Class space:        1.00 GB reserved,     512.00 KB ( <1%) committed,  1 nodes.
             Both:        1.01 GB reserved,       4.94 MB ( <1%) committed. 

Chunk freelists:
   Non-Class:  2.99 MB
       Class:  3.56 MB
        Both:  6.55 MB

MaxMetaspaceSize: unlimited
CompressedClassSpaceSize: 1.00 GB
Initial GC threshold: 21.00 MB
Current GC threshold: 21.00 MB
CDS: off
MetaspaceReclaimPolicy: balanced
 - commit_granule_bytes: 65536.
 - commit_granule_words: 8192.
 - virtual_space_node_default_size: 1048576.
 - enlarge_chunks_in_place: 1.
 - new_chunks_are_fully_committed: 0.
 - uncommit_free_chunks: 1.
 - use_allocation_guard: 0.
 - handle_deallocations: 1.


Internal statistics:

num_allocs_failed_limit: 0.
num_arena_births: 4.
num_arena_deaths: 0.
num_vsnodes_births: 2.
num_vsnodes_deaths: 0.
num_space_committed: 79.
num_space_uncommitted: 0.
num_chunks_returned_to_freelist: 0.
num_chunks_taken_from_freelist: 10.
num_chunk_merges: 0.
num_chunk_splits: 4.
num_chunks_enlarged: 1.
num_purges: 0.
num_inconsistent_stats: 0.

CodeHeap 'non-profiled nmethods': size=120000Kb used=26Kb max_used=26Kb free=119973Kb
 bounds [0x000001d7a9fd0000, 0x000001d7aa240000, 0x000001d7b1500000]
CodeHeap 'profiled nmethods': size=120000Kb used=186Kb max_used=186Kb free=119813Kb
 bounds [0x000001d7a2aa0000, 0x000001d7a2d10000, 0x000001d7a9fd0000]
CodeHeap 'non-nmethods': size=5760Kb used=1058Kb max_used=1074Kb free=4701Kb
 bounds [0x000001d7a2500000, 0x000001d7a2770000, 0x000001d7a2aa0000]
 total_blobs=433 nmethods=114 adapters=232
 compilation: enabled
              stopped_count=0, restarted_count=0
 full_count=0

Compilation events (20 events):
Event: 0.142 Thread 0x000001d7bbc92910  108       3       java.lang.Integer::compareTo (9 bytes)
Event: 0.142 Thread 0x000001d7bbc92910 nmethod 108 0x000001d7a2ac3010 code [0x000001d7a2ac31e0, 0x000001d7a2ac3598]
Event: 0.142 Thread 0x000001d7bbc92910  109       3       java.lang.Integer::compareTo (12 bytes)
Event: 0.143 Thread 0x000001d7bbc92910 nmethod 109 0x000001d7a2ac3690 code [0x000001d7a2ac3840, 0x000001d7a2ac3a98]
Event: 0.143 Thread 0x000001d7bbc92910  103       3       java.lang.Integer::valueOf (32 bytes)
Event: 0.143 Thread 0x000001d7bbc92910 nmethod 103 0x000001d7a2ac3b90 code [0x000001d7a2ac3d40, 0x000001d7a2ac4058]
Event: 0.143 Thread 0x000001d7bbc92910  105       3       java.util.TreeSet::add (22 bytes)
Event: 0.143 Thread 0x000001d7bbc92910 nmethod 105 0x000001d7a2ac4190 code [0x000001d7a2ac4340, 0x000001d7a2ac45a8]
Event: 0.143 Thread 0x000001d7bbc92910  106       3       java.util.TreeMap::put (8 bytes)
Event: 0.143 Thread 0x000001d7bbc92910 nmethod 106 0x000001d7a2ac4710 code [0x000001d7a2ac48a0, 0x000001d7a2ac49e8]
Event: 0.147 Thread 0x000001d7bbc92910  111       3       java.util.zip.ZipFile$Source::isMetaName (141 bytes)
Event: 0.147 Thread 0x000001d7bbc92910 nmethod 111 0x000001d7a2ac4a90 code [0x000001d7a2ac4c40, 0x000001d7a2ac5158]
Event: 0.148 Thread 0x000001d7bbc92910  112 %     3       java.util.zip.ZipFile$Source::initCEN @ 240 (591 bytes)
Event: 0.149 Thread 0x000001d7bbc76340 nmethod 97 0x000001d7a9fd5510 code [0x000001d7a9fd56c0, 0x000001d7a9fd5db8]
Event: 0.149 Thread 0x000001d7bbc76340  113       4       java.util.zip.ZipFile$Source::isMetaName (141 bytes)
Event: 0.150 Thread 0x000001d7bbc92910 nmethod 112% 0x000001d7a2ac5310 code [0x000001d7a2ac5860, 0x000001d7a2ac8b18]
Event: 0.150 Thread 0x000001d7bbc92910  114       3       java.util.zip.ZipFile$Source::initCEN (591 bytes)
Event: 0.150 Thread 0x000001d7bbc76340 nmethod 113 0x000001d7a9fd6390 code [0x000001d7a9fd6520, 0x000001d7a9fd6778]
Event: 0.152 Thread 0x000001d7bbc92910 nmethod 114 0x000001d7a2ac9f10 code [0x000001d7a2aca440, 0x000001d7a2acd558]
Event: 0.154 Thread 0x000001d7bbc76340  115 %     4       java.util.zip.ZipFile$Source::initCEN @ 240 (591 bytes)

GC Heap History (0 events):
No events

Dll operation events (1 events):
Event: 0.004 Loaded shared library E:\pycharme\PyCharm Community Edition 2021.3\jbr\bin\java.dll

Deoptimization events (20 events):
Event: 0.136 Thread 0x000001d79d5d2fc0 DEOPT PACKING pc=0x000001d7a2ab9c8c sp=0x000000926d5fa2c0
Event: 0.136 Thread 0x000001d79d5d2fc0 DEOPT UNPACKING pc=0x000001d7a2552b43 sp=0x000000926d5f9750 mode 0
Event: 0.136 Thread 0x000001d79d5d2fc0 DEOPT PACKING pc=0x000001d7a2ab9c8c sp=0x000000926d5fa2c0
Event: 0.136 Thread 0x000001d79d5d2fc0 DEOPT UNPACKING pc=0x000001d7a2552b43 sp=0x000000926d5f9750 mode 0
Event: 0.136 Thread 0x000001d79d5d2fc0 DEOPT PACKING pc=0x000001d7a2ab9c8c sp=0x000000926d5fa2c0
Event: 0.136 Thread 0x000001d79d5d2fc0 DEOPT UNPACKING pc=0x000001d7a2552b43 sp=0x000000926d5f9750 mode 0
Event: 0.137 Thread 0x000001d79d5d2fc0 DEOPT PACKING pc=0x000001d7a2ab9c8c sp=0x000000926d5fa2c0
Event: 0.137 Thread 0x000001d79d5d2fc0 DEOPT UNPACKING pc=0x000001d7a2552b43 sp=0x000000926d5f9750 mode 0
Event: 0.137 Thread 0x000001d79d5d2fc0 DEOPT PACKING pc=0x000001d7a2ab9c8c sp=0x000000926d5fa2c0
Event: 0.137 Thread 0x000001d79d5d2fc0 DEOPT UNPACKING pc=0x000001d7a2552b43 sp=0x000000926d5f9750 mode 0
Event: 0.137 Thread 0x000001d79d5d2fc0 DEOPT PACKING pc=0x000001d7a2ab9c8c sp=0x000000926d5fa2c0
Event: 0.137 Thread 0x000001d79d5d2fc0 DEOPT UNPACKING pc=0x000001d7a2552b43 sp=0x000000926d5f9750 mode 0
Event: 0.137 Thread 0x000001d79d5d2fc0 DEOPT PACKING pc=0x000001d7a2ab9c8c sp=0x000000926d5fa2c0
Event: 0.137 Thread 0x000001d79d5d2fc0 DEOPT UNPACKING pc=0x000001d7a2552b43 sp=0x000000926d5f9750 mode 0
Event: 0.139 Thread 0x000001d79d5d2fc0 DEOPT PACKING pc=0x000001d7a2ab9c8c sp=0x000000926d5fa2c0
Event: 0.139 Thread 0x000001d79d5d2fc0 DEOPT UNPACKING pc=0x000001d7a2552b43 sp=0x000000926d5f9750 mode 0
Event: 0.147 Thread 0x000001d79d5d2fc0 Uncommon trap: trap_request=0xffffff45 fr.pc=0x000001d7a9fd5318 relative=0x0000000000000178
Event: 0.147 Thread 0x000001d79d5d2fc0 Uncommon trap: reason=unstable_if action=reinterpret pc=0x000001d7a9fd5318 method=java.util.zip.ZipFile$Source.isMetaName([BII)Z @ 3 c2
Event: 0.147 Thread 0x000001d79d5d2fc0 DEOPT PACKING pc=0x000001d7a9fd5318 sp=0x000000926d5fa3f0
Event: 0.147 Thread 0x000001d79d5d2fc0 DEOPT UNPACKING pc=0x000001d7a25523a3 sp=0x000000926d5fa398 mode 2

Classes unloaded (0 events):
No events

Classes redefined (0 events):
No events

Internal exceptions (0 events):
No events

VM Operations (0 events):
No events

Events (20 events):
Event: 0.137 loading class java/util/NavigableMap
Event: 0.138 loading class java/util/SortedMap
Event: 0.138 loading class java/util/SortedMap done
Event: 0.138 loading class java/util/NavigableMap done
Event: 0.139 loading class java/util/TreeMap done
Event: 0.139 loading class java/util/TreeMap$Entry
Event: 0.139 loading class java/util/TreeMap$Entry done
Event: 0.154 loading class java/util/TreeMap$KeySet
Event: 0.154 loading class java/util/TreeMap$KeySet done
Event: 0.154 loading class java/util/TreeMap$KeyIterator
Event: 0.154 loading class java/util/TreeMap$PrivateEntryIterator
Event: 0.154 loading class java/util/TreeMap$PrivateEntryIterator done
Event: 0.154 loading class java/util/TreeMap$KeyIterator done
Event: 0.155 loading class java/io/IOException
Event: 0.155 loading class java/io/IOException done
Event: 0.155 loading class java/util/concurrent/ConcurrentHashMap$ForwardingNode
Event: 0.155 loading class java/util/concurrent/ConcurrentHashMap$ForwardingNode done
Event: 0.156 loading class java/lang/IllegalStateException
Event: 0.156 loading class java/lang/IllegalStateException done
Event: 0.156 loading class java/lang/ProcessEnvironment


Dynamic libraries:
0x00007ff606510000 - 0x00007ff60651a000 	E:\pycharme\PyCharm Community Edition 2021.3\jbr\bin\java.exe
0x00007ff8790c0000 - 0x00007ff8792b0000 	C:\windows\SYSTEM32\ntdll.dll
0x00007ff877960000 - 0x00007ff877a12000 	C:\windows\System32\KERNEL32.DLL
0x00007ff876d20000 - 0x00007ff876fc3000 	C:\windows\System32\KERNELBASE.dll
0x00007ff876c20000 - 0x00007ff876d1a000 	C:\windows\System32\ucrtbase.dll
0x00007ff86b9e0000 - 0x00007ff86b9f7000 	E:\pycharme\PyCharm Community Edition 2021.3\jbr\bin\jli.dll
0x00007ff861480000 - 0x00007ff86149b000 	E:\pycharme\PyCharm Community Edition 2021.3\jbr\bin\VCRUNTIME140.dll
0x00007ff878520000 - 0x00007ff8786b4000 	C:\windows\System32\USER32.dll
0x00007ff876900000 - 0x00007ff876921000 	C:\windows\System32\win32u.dll
0x00007ff877c30000 - 0x00007ff877c56000 	C:\windows\System32\GDI32.dll
0x00007ff868bf0000 - 0x00007ff868e75000 	C:\windows\WinSxS\amd64_microsoft.windows.common-controls_6595b64144ccf1df_6.0.18362.449_none_e6c7b265130c70a7\COMCTL32.dll
0x00007ff876fd0000 - 0x00007ff877164000 	C:\windows\System32\gdi32full.dll
0x00007ff876ad0000 - 0x00007ff876b6e000 	C:\windows\System32\msvcp_win.dll
0x00007ff878cf0000 - 0x00007ff878d8e000 	C:\windows\System32\msvcrt.dll
0x00007ff877600000 - 0x00007ff877936000 	C:\windows\System32\combase.dll
0x00007ff877230000 - 0x00007ff877350000 	C:\windows\System32\RPCRT4.dll
0x00007ff876880000 - 0x00007ff876900000 	C:\windows\System32\bcryptPrimitives.dll
0x00007ff877400000 - 0x00007ff87742e000 	C:\windows\System32\IMM32.DLL
0x00007ff86b8c0000 - 0x00007ff86b8cc000 	E:\pycharme\PyCharm Community Edition 2021.3\jbr\bin\vcruntime140_1.dll
0x00007ff848f10000 - 0x00007ff848f9d000 	E:\pycharme\PyCharm Community Edition 2021.3\jbr\bin\msvcp140.dll
0x00007ff806490000 - 0x00007ff8070fb000 	E:\pycharme\PyCharm Community Edition 2021.3\jbr\bin\server\jvm.dll
0x00007ff877d00000 - 0x00007ff877da3000 	C:\windows\System32\ADVAPI32.dll
0x00007ff877c60000 - 0x00007ff877cf7000 	C:\windows\System32\sechost.dll
0x00007ff8611b0000 - 0x00007ff8611b9000 	C:\windows\SYSTEM32\WSOCK32.dll
0x00007ff871700000 - 0x00007ff871724000 	C:\windows\SYSTEM32\WINMM.dll
0x00007ff870f20000 - 0x00007ff870f2a000 	C:\windows\SYSTEM32\VERSION.dll
0x00007ff878d90000 - 0x00007ff878dff000 	C:\windows\System32\WS2_32.dll
0x00007ff871360000 - 0x00007ff87138d000 	C:\windows\SYSTEM32\WINMMBASE.dll
0x00007ff876b70000 - 0x00007ff876bba000 	C:\windows\System32\cfgmgr32.dll
0x00007ff875fa0000 - 0x00007ff875fb1000 	C:\windows\System32\kernel.appcore.dll
0x00007ff871ba0000 - 0x00007ff871baa000 	E:\pycharme\PyCharm Community Edition 2021.3\jbr\bin\jimage.dll
0x00007ff874700000 - 0x00007ff8748f4000 	C:\windows\SYSTEM32\DBGHELP.DLL
0x00007ff842680000 - 0x00007ff8426aa000 	C:\windows\SYSTEM32\dbgcore.DLL
0x00007ff86f6e0000 - 0x00007ff86f705000 	E:\pycharme\PyCharm Community Edition 2021.3\jbr\bin\java.dll
0x00007ff86ff00000 - 0x00007ff86ff18000 	E:\pycharme\PyCharm Community Edition 2021.3\jbr\bin\zip.dll
0x00007ff877db0000 - 0x00007ff878495000 	C:\windows\System32\SHELL32.dll
0x00007ff877350000 - 0x00007ff8773f9000 	C:\windows\System32\shcore.dll
0x00007ff876100000 - 0x00007ff87687e000 	C:\windows\System32\windows.storage.dll
0x00007ff876010000 - 0x00007ff87602f000 	C:\windows\System32\profapi.dll
0x00007ff875fc0000 - 0x00007ff87600a000 	C:\windows\System32\powrprof.dll
0x00007ff875f90000 - 0x00007ff875fa0000 	C:\windows\System32\UMPDC.dll
0x00007ff877170000 - 0x00007ff8771c2000 	C:\windows\System32\shlwapi.dll
0x00007ff876ab0000 - 0x00007ff876ac7000 	C:\windows\System32\cryptsp.dll
0x00007ff86f6b0000 - 0x00007ff86f6c9000 	E:\pycharme\PyCharm Community Edition 2021.3\jbr\bin\net.dll
0x00007ff870c50000 - 0x00007ff870d40000 	C:\windows\SYSTEM32\WINHTTP.dll
0x00007ff875800000 - 0x00007ff875867000 	C:\windows\system32\mswsock.dll
0x00007ff86f690000 - 0x00007ff86f6a6000 	E:\pycharme\PyCharm Community Edition 2021.3\jbr\bin\nio.dll

dbghelp: loaded successfully - version: 4.0.5 - missing functions: none
symbol engine: initialized successfully - sym options: 0x614 - pdb path: .;E:\pycharme\PyCharm Community Edition 2021.3\jbr\bin;C:\windows\SYSTEM32;C:\windows\WinSxS\amd64_microsoft.windows.common-controls_6595b64144ccf1df_6.0.18362.449_none_e6c7b265130c70a7;E:\pycharme\PyCharm Community Edition 2021.3\jbr\bin\server

VM Arguments:
java_command: git4idea.http.GitAskPassApp Username for 'https://github.com': 
java_class_path (initial): E:/pycharme/PyCharm Community Edition 2021.3/plugins/vcs-git/lib/git4idea-rt.jar;E:/pycharme/PyCharm Community Edition 2021.3/lib/externalProcess-rt.jar;E:/pycharme/PyCharm Community Edition 2021.3/lib/app.jar;E:/pycharme/PyCharm Community Edition 2021.3/lib/3rd-party-rt.jar
Launcher Type: SUN_STANDARD

[Global flags]
     intx CICompilerCount                          = 3                                         {product} {ergonomic}
     uint ConcGCThreads                            = 1                                         {product} {ergonomic}
     uint G1ConcRefinementThreads                  = 4                                         {product} {ergonomic}
   size_t G1HeapRegionSize                         = 2097152                                   {product} {ergonomic}
    uintx GCDrainStackTargetSize                   = 64                                        {product} {ergonomic}
   size_t InitialHeapSize                          = 201326592                                 {product} {ergonomic}
   size_t MarkStackSize                            = 4194304                                   {product} {ergonomic}
   size_t MaxHeapSize                              = 3191865344                                {product} {ergonomic}
   size_t MaxNewSize                               = 1914699776                                {product} {ergonomic}
   size_t MinHeapDeltaBytes                        = 2097152                                   {product} {ergonomic}
   size_t MinHeapSize                              = 8388608                                   {product} {ergonomic}
    uintx NonNMethodCodeHeapSize                   = 5832780                                {pd product} {ergonomic}
    uintx NonProfiledCodeHeapSize                  = 122912730                              {pd product} {ergonomic}
    uintx ProfiledCodeHeapSize                     = 122912730                              {pd product} {ergonomic}
    uintx ReservedCodeCacheSize                    = 251658240                              {pd product} {ergonomic}
     bool SegmentedCodeCache                       = true                                      {product} {ergonomic}
   size_t SoftMaxHeapSize                          = 3191865344                             {manageable} {ergonomic}
     bool UseCompressedClassPointers               = true                           {product lp64_product} {ergonomic}
     bool UseCompressedOops                        = true                           {product lp64_product} {ergonomic}
     bool UseG1GC                                  = true                                      {product} {ergonomic}
     bool UseLargePagesIndividualAllocation        = false                                  {pd product} {ergonomic}

Logging:
Log output configuration:
 #0: stdout all=warning uptime,level,tags
 #1: stderr all=off uptime,level,tags

Environment Variables:
JAVA_HOME=C:\Program Files\Java\jdk1.8.0_261
CLASSPATH=';C:\Program Files\Java\jdk1.8.0_261\lib;%JAVA_HOME\lib\tools.jar
PATH=C:\Program Files\Git\mingw64\libexec\git-core;C:\Program Files\Git\mingw64\libexec\git-core;C:\Program Files\Git\mingw64\bin;C:\Program Files\Git\usr\bin;C:\Users\Administrator\bin;C:\Program Files (x86)\Common Files\NetSarang;C:\Program Files (x86)\Common Files\Oracle\Java\javapath;%ANDROID_HOME%\tools;%ANDROID_HOME%\platform-tools;C:\windows\system32;C:\windows;C:\windows\System32\Wbem;C:\windows\System32\WindowsPowerShell\v1.0;C:\windows\System32\OpenSSH;C:\Program Files\NVIDIA Corporation\NVIDIA NvDLISR;C:\Program Files (x86)\NVIDIA Corporation\PhysX\Common;C:\Program Files\Git\cmd;C:\Program Files\TortoiseGit\bin;C:\Program Files\Java\jdk1.8.0_261\bin;C:\Program Files\Java\jdk1.8.0_261\jre\bin;C:\Program Files\Java\jdk1.8.0_161\bin;C:\Program Files\Microsoft VS Code\bin;C:\Program Files (x86)\OpenVPN\bin;E:\python;E:\python\Scripts;E:\allure\allure-2.17.3\bin;D:\New Folder;D:\微信web开发者工具\dll;%WebStorm%;C:\Users\Administrator\AppData\Roaming\npm;C:\Program Files (x86)\Google\Chrome\Application;E:\fiddler
USERNAME=Administrator
DISPLAY=:0.0
LC_ALL=en_US.UTF-8
TERM=cygwin
TMPDIR=C:\Users\ADMINI~1\AppData\Local\Temp
OS=Windows_NT
PROCESSOR_IDENTIFIER=Intel64 Family 6 Model 158 Stepping 9, GenuineIntel
TMP=C:\Users\ADMINI~1\AppData\Local\Temp
TEMP=C:\Users\ADMINI~1\AppData\Local\Temp



---------------  S Y S T E M  ---------------

OS:
 Windows 10 , 64 bit Build 18362 (10.0.18362.329)
OS uptime: 0 days 8:40 hours

CPU: total 4 (initial active 4) (4 cores per cpu, 1 threads per core) family 6 model 158 stepping 9 microcode 0x8e, cx8, cmov, fxsr, mmx, 3dnowpref, sse, sse2, sse3, ssse3, sse4.1, sse4.2, popcnt, lzcnt, tsc, tscinvbit, avx, avx2, aes, erms, clmul, bmi1, bmi2, adx, fma, vzeroupper, clflush, clflushopt

Memory: 4k page, system-wide physical 12173M (2707M free)
TotalPageFile size 14016M (AvailPageFile size 3M)
current process WorkingSet (physical memory assigned to process): 44M, peak: 44M
current process commit charge ("private bytes"): 263M, peak: 263M

vm_info: OpenJDK 64-Bit Server VM (17.0.5+1-b653.25) for windows-amd64 JRE (17.0.5+1-b653.25), built on 2023-01-04 by "builduser" with MS VC++ 16.10 / 16.11 (VS2019)

END.
